Determining if the pthread_create exist failed with the following output:
Change Dir: /home/matthias/roboycontrol/build-src-Desktop-Default/CMakeFiles/CMakeTmp

Run Build Command:/usr/bin/make "cmTryCompileExec3782752625/fast"
/usr/bin/make -f CMakeFiles/cmTryCompileExec3782752625.dir/build.make CMakeFiles/cmTryCompileExec3782752625.dir/build
make[1]: Verzeichnis »/home/matthias/roboycontrol/build-src-Desktop-Default/CMakeFiles/CMakeTmp« wird betreten
/usr/bin/cmake -E cmake_progress_report /home/matthias/roboycontrol/build-src-Desktop-Default/CMakeFiles/CMakeTmp/CMakeFiles 1
Building C object CMakeFiles/cmTryCompileExec3782752625.dir/CheckSymbolExists.c.o
/usr/bin/cc    -o CMakeFiles/cmTryCompileExec3782752625.dir/CheckSymbolExists.c.o   -c /home/matthias/roboycontrol/build-src-Desktop-Default/CMakeFiles/CMakeTmp/CheckSymbolExists.c
Linking C executable cmTryCompileExec3782752625
/usr/bin/cmake -E cmake_link_script CMakeFiles/cmTryCompileExec3782752625.dir/link.txt --verbose=1
/usr/bin/cc       CMakeFiles/cmTryCompileExec3782752625.dir/CheckSymbolExists.c.o  -o cmTryCompileExec3782752625 -rdynamic 
CMakeFiles/cmTryCompileExec3782752625.dir/CheckSymbolExists.c.o: In Funktion `main':
CheckSymbolExists.c:(.text+0x16): Nicht definierter Verweis auf `pthread_create'
collect2: error: ld returned 1 exit status
make[1]: Verzeichnis »/home/matthias/roboycontrol/build-src-Desktop-Default/CMakeFiles/CMakeTmp« wird verlassen
make[1]: *** [cmTryCompileExec3782752625] Fehler 1
make: *** [cmTryCompileExec3782752625/fast] Fehler 2

File /home/matthias/roboycontrol/build-src-Desktop-Default/CMakeFiles/CMakeTmp/CheckSymbolExists.c:
/* */
#include <pthread.h>

int main(int argc, char** argv)
{
  (void)argv;
#ifndef pthread_create
  return ((int*)(&pthread_create))[argc];
#else
  (void)argc;
  return 0;
#endif
}

Determining if the function pthread_create exists in the pthreads failed with the following output:
Change Dir: /home/matthias/roboycontrol/build-src-Desktop-Default/CMakeFiles/CMakeTmp

Run Build Command:/usr/bin/make "cmTryCompileExec2786888801/fast"
/usr/bin/make -f CMakeFiles/cmTryCompileExec2786888801.dir/build.make CMakeFiles/cmTryCompileExec2786888801.dir/build
make[1]: Verzeichnis »/home/matthias/roboycontrol/build-src-Desktop-Default/CMakeFiles/CMakeTmp« wird betreten
/usr/bin/cmake -E cmake_progress_report /home/matthias/roboycontrol/build-src-Desktop-Default/CMakeFiles/CMakeTmp/CMakeFiles 1
Building C object CMakeFiles/cmTryCompileExec2786888801.dir/CheckFunctionExists.c.o
/usr/bin/cc   -DCHECK_FUNCTION_EXISTS=pthread_create   -o CMakeFiles/cmTryCompileExec2786888801.dir/CheckFunctionExists.c.o   -c /usr/share/cmake-2.8/Modules/CheckFunctionExists.c
Linking C executable cmTryCompileExec2786888801
/usr/bin/cmake -E cmake_link_script CMakeFiles/cmTryCompileExec2786888801.dir/link.txt --verbose=1
/usr/bin/cc   -DCHECK_FUNCTION_EXISTS=pthread_create    CMakeFiles/cmTryCompileExec2786888801.dir/CheckFunctionExists.c.o  -o cmTryCompileExec2786888801 -rdynamic -lpthreads 
/usr/bin/ld: cannot find -lpthreads
collect2: error: ld returned 1 exit status
make[1]: Verzeichnis »/home/matthias/roboycontrol/build-src-Desktop-Default/CMakeFiles/CMakeTmp« wird verlassen
make[1]: *** [cmTryCompileExec2786888801] Fehler 1
make: *** [cmTryCompileExec2786888801/fast] Fehler 2


Determining if the Q_WS_WIN exist failed with the following output:
Change Dir: /home/matthias/roboycontrol/build-src-Desktop-Default/CMakeFiles/CMakeTmp

Run Build Command:/usr/bin/make "cmTryCompileExec1099089216/fast"
/usr/bin/make -f CMakeFiles/cmTryCompileExec1099089216.dir/build.make CMakeFiles/cmTryCompileExec1099089216.dir/build
make[1]: Verzeichnis »/home/matthias/roboycontrol/build-src-Desktop-Default/CMakeFiles/CMakeTmp« wird betreten
/usr/bin/cmake -E cmake_progress_report /home/matthias/roboycontrol/build-src-Desktop-Default/CMakeFiles/CMakeTmp/CMakeFiles 1
Building CXX object CMakeFiles/cmTryCompileExec1099089216.dir/CheckSymbolExists.cxx.o
/usr/bin/c++    -std=c++11  -I/usr/include/qt4    -o CMakeFiles/cmTryCompileExec1099089216.dir/CheckSymbolExists.cxx.o -c /home/matthias/roboycontrol/build-src-Desktop-Default/CMakeFiles/CMakeTmp/CheckSymbolExists.cxx
/home/matthias/roboycontrol/build-src-Desktop-Default/CMakeFiles/CMakeTmp/CheckSymbolExists.cxx: In function ‘int main(int, char**)’:
/home/matthias/roboycontrol/build-src-Desktop-Default/CMakeFiles/CMakeTmp/CheckSymbolExists.cxx:8:19: error: ‘Q_WS_WIN’ was not declared in this scope
   return ((int*)(&Q_WS_WIN))[argc];
                   ^
make[1]: Verzeichnis »/home/matthias/roboycontrol/build-src-Desktop-Default/CMakeFiles/CMakeTmp« wird verlassen
make[1]: *** [CMakeFiles/cmTryCompileExec1099089216.dir/CheckSymbolExists.cxx.o] Fehler 1
make: *** [cmTryCompileExec1099089216/fast] Fehler 2

File /home/matthias/roboycontrol/build-src-Desktop-Default/CMakeFiles/CMakeTmp/CheckSymbolExists.cxx:
/* */
#include <QtCore/qglobal.h>

int main(int argc, char** argv)
{
  (void)argv;
#ifndef Q_WS_WIN
  return ((int*)(&Q_WS_WIN))[argc];
#else
  (void)argc;
  return 0;
#endif
}

Determining if the Q_WS_QWS exist failed with the following output:
Change Dir: /home/matthias/roboycontrol/build-src-Desktop-Default/CMakeFiles/CMakeTmp

Run Build Command:/usr/bin/make "cmTryCompileExec4106256249/fast"
/usr/bin/make -f CMakeFiles/cmTryCompileExec4106256249.dir/build.make CMakeFiles/cmTryCompileExec4106256249.dir/build
make[1]: Verzeichnis »/home/matthias/roboycontrol/build-src-Desktop-Default/CMakeFiles/CMakeTmp« wird betreten
/usr/bin/cmake -E cmake_progress_report /home/matthias/roboycontrol/build-src-Desktop-Default/CMakeFiles/CMakeTmp/CMakeFiles 1
Building CXX object CMakeFiles/cmTryCompileExec4106256249.dir/CheckSymbolExists.cxx.o
/usr/bin/c++    -std=c++11  -I/usr/include/qt4    -o CMakeFiles/cmTryCompileExec4106256249.dir/CheckSymbolExists.cxx.o -c /home/matthias/roboycontrol/build-src-Desktop-Default/CMakeFiles/CMakeTmp/CheckSymbolExists.cxx
/home/matthias/roboycontrol/build-src-Desktop-Default/CMakeFiles/CMakeTmp/CheckSymbolExists.cxx: In function ‘int main(int, char**)’:
/home/matthias/roboycontrol/build-src-Desktop-Default/CMakeFiles/CMakeTmp/CheckSymbolExists.cxx:8:19: error: ‘Q_WS_QWS’ was not declared in this scope
   return ((int*)(&Q_WS_QWS))[argc];
                   ^
make[1]: Verzeichnis »/home/matthias/roboycontrol/build-src-Desktop-Default/CMakeFiles/CMakeTmp« wird verlassen
make[1]: *** [CMakeFiles/cmTryCompileExec4106256249.dir/CheckSymbolExists.cxx.o] Fehler 1
make: *** [cmTryCompileExec4106256249/fast] Fehler 2

File /home/matthias/roboycontrol/build-src-Desktop-Default/CMakeFiles/CMakeTmp/CheckSymbolExists.cxx:
/* */
#include <QtCore/qglobal.h>

int main(int argc, char** argv)
{
  (void)argv;
#ifndef Q_WS_QWS
  return ((int*)(&Q_WS_QWS))[argc];
#else
  (void)argc;
  return 0;
#endif
}

Determining if the Q_WS_MAC exist failed with the following output:
Change Dir: /home/matthias/roboycontrol/build-src-Desktop-Default/CMakeFiles/CMakeTmp

Run Build Command:/usr/bin/make "cmTryCompileExec2908166263/fast"
/usr/bin/make -f CMakeFiles/cmTryCompileExec2908166263.dir/build.make CMakeFiles/cmTryCompileExec2908166263.dir/build
make[1]: Verzeichnis »/home/matthias/roboycontrol/build-src-Desktop-Default/CMakeFiles/CMakeTmp« wird betreten
/usr/bin/cmake -E cmake_progress_report /home/matthias/roboycontrol/build-src-Desktop-Default/CMakeFiles/CMakeTmp/CMakeFiles 1
Building CXX object CMakeFiles/cmTryCompileExec2908166263.dir/CheckSymbolExists.cxx.o
/usr/bin/c++    -std=c++11  -I/usr/include/qt4    -o CMakeFiles/cmTryCompileExec2908166263.dir/CheckSymbolExists.cxx.o -c /home/matthias/roboycontrol/build-src-Desktop-Default/CMakeFiles/CMakeTmp/CheckSymbolExists.cxx
/home/matthias/roboycontrol/build-src-Desktop-Default/CMakeFiles/CMakeTmp/CheckSymbolExists.cxx: In function ‘int main(int, char**)’:
/home/matthias/roboycontrol/build-src-Desktop-Default/CMakeFiles/CMakeTmp/CheckSymbolExists.cxx:8:19: error: ‘Q_WS_MAC’ was not declared in this scope
   return ((int*)(&Q_WS_MAC))[argc];
                   ^
make[1]: Verzeichnis »/home/matthias/roboycontrol/build-src-Desktop-Default/CMakeFiles/CMakeTmp« wird verlassen
make[1]: *** [CMakeFiles/cmTryCompileExec2908166263.dir/CheckSymbolExists.cxx.o] Fehler 1
make: *** [cmTryCompileExec2908166263/fast] Fehler 2

File /home/matthias/roboycontrol/build-src-Desktop-Default/CMakeFiles/CMakeTmp/CheckSymbolExists.cxx:
/* */
#include <QtCore/qglobal.h>

int main(int argc, char** argv)
{
  (void)argv;
#ifndef Q_WS_MAC
  return ((int*)(&Q_WS_MAC))[argc];
#else
  (void)argc;
  return 0;
#endif
}

